<?xml version="1.0" encoding="UTF-8"?>
<!-- Generated by org.testng.reporters.JUnitReportReporter -->
<testsuite hostname="houssem-Lenovo" failures="0" tests="1" name="tests.VerificaTest" time="8.232" errors="0" timestamp="2021-12-08T19:55:49 CET" skipped="0">
  <testcase classname="tests.VerificaTest" name="UserCanCompleteWorkflowSuccessfully" time="8.232"/>
</testsuite> <!-- tests.VerificaTest -->
